<?xml version="1.0" encoding="UTF-8"?>
<testng-results skipped="0" failed="0" ignored="0" total="2" passed="2">
  <reporter-output>
  </reporter-output>
  <suite name="Suite" duration-ms="133443" started-at="2018-05-02T08:53:45Z" finished-at="2018-05-02T08:55:58Z">
    <groups>
    </groups>
    <test name="Test" duration-ms="133443" started-at="2018-05-02T08:53:45Z" finished-at="2018-05-02T08:55:58Z">
      <class name="appiumDemoPro.BobbleTest">
        <test-method status="PASS" signature="reportGrenerator()[pri:0, instance:appiumDemoPro.BobbleTest@4e718207]" name="reportGrenerator" is-config="true" duration-ms="41" started-at="2018-05-02T08:54:49Z" finished-at="2018-05-02T08:54:49Z">
          <reporter-output>
          </reporter-output>
        </test-method> <!-- reportGrenerator -->
        <test-method status="PASS" signature="launchApp()[pri:0, instance:appiumDemoPro.BobbleTest@4e718207]" name="launchApp" is-config="true" duration-ms="38074" started-at="2018-05-02T08:54:49Z" finished-at="2018-05-02T08:55:27Z">
          <reporter-output>
          </reporter-output>
        </test-method> <!-- launchApp -->
        <test-method status="PASS" signature="themeTabTestCase()[pri:0, instance:appiumDemoPro.BobbleTest@4e718207]" name="themeTabTestCase" duration-ms="31035" started-at="2018-05-02T08:55:27Z" finished-at="2018-05-02T08:55:58Z">
          <reporter-output>
          </reporter-output>
        </test-method> <!-- themeTabTestCase -->
        <test-method status="PASS" signature="closeReport()[pri:0, instance:appiumDemoPro.BobbleTest@4e718207]" name="closeReport" is-config="true" duration-ms="115" started-at="2018-05-02T08:55:58Z" finished-at="2018-05-02T08:55:58Z">
          <reporter-output>
          </reporter-output>
        </test-method> <!-- closeReport -->
        <test-method status="PASS" signature="cleanConfig(org.testng.ITestResult)[pri:0, instance:appiumDemoPro.BobbleTest@4e718207]" name="cleanConfig" is-config="true" duration-ms="0" started-at="2018-05-02T08:55:58Z" finished-at="2018-05-02T08:55:58Z">
          <params>
            <param index="0">
              <value>
                <![CDATA[[TestResult name=themeTabTestCase status=SUCCESS method=BobbleTest.themeTabTestCase()[pri:0, instance:appiumDemoPro.BobbleTest@4e718207] output={null}]]]>
              </value>
            </param>
          </params>
          <reporter-output>
          </reporter-output>
        </test-method> <!-- cleanConfig -->
      </class> <!-- appiumDemoPro.BobbleTest -->
      <class name="appiumDemoPro.BobbleCase1Test">
        <test-method status="PASS" signature="reportGrenerator()[pri:0, instance:appiumDemoPro.BobbleCase1Test@32eebfca]" name="reportGrenerator" is-config="true" duration-ms="344" started-at="2018-05-02T08:53:45Z" finished-at="2018-05-02T08:53:45Z">
          <reporter-output>
          </reporter-output>
        </test-method> <!-- reportGrenerator -->
        <test-method status="PASS" signature="launchApp()[pri:0, instance:appiumDemoPro.BobbleCase1Test@32eebfca]" name="launchApp" is-config="true" duration-ms="34644" started-at="2018-05-02T08:53:45Z" finished-at="2018-05-02T08:54:20Z">
          <reporter-output>
          </reporter-output>
        </test-method> <!-- launchApp -->
        <test-method status="PASS" signature="languageTabTest()[pri:0, instance:appiumDemoPro.BobbleCase1Test@32eebfca]" name="languageTabTest" duration-ms="28871" started-at="2018-05-02T08:54:20Z" finished-at="2018-05-02T08:54:49Z">
          <reporter-output>
          </reporter-output>
        </test-method> <!-- languageTabTest -->
        <test-method status="PASS" signature="cleanConfig(org.testng.ITestResult)[pri:0, instance:appiumDemoPro.BobbleCase1Test@32eebfca]" name="cleanConfig" is-config="true" duration-ms="0" started-at="2018-05-02T08:54:49Z" finished-at="2018-05-02T08:54:49Z">
          <params>
            <param index="0">
              <value>
                <![CDATA[[TestResult name=languageTabTest status=SUCCESS method=BobbleCase1Test.languageTabTest()[pri:0, instance:appiumDemoPro.BobbleCase1Test@32eebfca] output={null}]]]>
              </value>
            </param>
          </params>
          <reporter-output>
          </reporter-output>
        </test-method> <!-- cleanConfig -->
        <test-method status="PASS" signature="closeReport()[pri:0, instance:appiumDemoPro.BobbleCase1Test@32eebfca]" name="closeReport" is-config="true" duration-ms="265" started-at="2018-05-02T08:54:49Z" finished-at="2018-05-02T08:54:49Z">
          <reporter-output>
          </reporter-output>
        </test-method> <!-- closeReport -->
      </class> <!-- appiumDemoPro.BobbleCase1Test -->
    </test> <!-- Test -->
  </suite> <!-- Suite -->
</testng-results>
